<?xml version="1.0" encoding="UTF-8"?>
<!-- Generated by org.testng.reporters.JUnitXMLReporter -->
<testsuite ignored="1" hostname="LE15-PPR3-IND" failures="0" tests="1" name="Default test" time="2.705" errors="0" timestamp="14 Mar 2021 11:08:56 GMT">
  <testcase classname="getting_started.NewTest1" name="firstJsonResponse" time="2.687"/>
  <testcase classname="getting_started.NewTest1" name="firstGetRequest" time="0.0">
    <ignored/>
  </testcase> <!-- firstGetRequest -->
</testsuite> <!-- Default test -->
