<?xml version="1.0" encoding="UTF-8"?>
<testng-results ignored="0" total="1" passed="1" failed="0" skipped="0">
  <reporter-output>
  </reporter-output>
  <suite started-at="2021-04-05T21:11:24Z" name="Default suite" finished-at="2021-04-05T21:11:28Z" duration-ms="4791">
    <groups>
    </groups>
    <test started-at="2021-04-05T21:11:24Z" name="Default test" finished-at="2021-04-05T21:11:28Z" duration-ms="4791">
      <class name="Post_Put_Delete.Post_content_validation">
        <test-method signature="post_request()[pri:0, instance:Post_Put_Delete.Post_content_validation@404bbcbd]" started-at="2021-04-05T21:11:24Z" name="post_request" finished-at="2021-04-05T21:11:28Z" duration-ms="4772" status="PASS">
          <reporter-output>
          </reporter-output>
        </test-method> <!-- post_request -->
      </class> <!-- Post_Put_Delete.Post_content_validation -->
    </test> <!-- Default test -->
  </suite> <!-- Default suite -->
</testng-results>
