<?xml version="1.0" encoding="UTF-8"?>
<testng-results ignored="1" total="2" passed="1" failed="0" skipped="0">
  <reporter-output>
  </reporter-output>
  <suite started-at="2021-03-14T11:08:54Z" name="Default suite" finished-at="2021-03-14T11:08:56Z" duration-ms="2705">
    <groups>
    </groups>
    <test started-at="2021-03-14T11:08:54Z" name="Default test" finished-at="2021-03-14T11:08:56Z" duration-ms="2705">
      <class name="getting_started.NewTest1">
        <test-method signature="firstJsonResponse()[pri:0, instance:getting_started.NewTest1@2b9ed6da]" started-at="2021-03-14T11:08:54Z" name="firstJsonResponse" finished-at="2021-03-14T11:08:56Z" duration-ms="2687" status="PASS">
          <reporter-output>
          </reporter-output>
        </test-method> <!-- firstJsonResponse -->
      </class> <!-- getting_started.NewTest1 -->
    </test> <!-- Default test -->
  </suite> <!-- Default suite -->
</testng-results>
